<?xml version="1.0" encoding="UTF-8"?>
<!-- Generated by org.testng.reporters.JUnitXMLReporter -->
<testsuite ignored="0" hostname="DESKTOP-6HHFO4Q" failures="0" tests="15" name="Default test" time="26.411" errors="0" timestamp="2022-01-09T13:43:11 CST">
  <testcase classname="com.emicalculator.tests.HomePageTest" name="homeLoanDataTest" time="1.27"/>
  <testcase classname="com.emicalculator.tests.HomePageTest" name="homeLoanDataTest" time="0.958"/>
  <testcase classname="com.emicalculator.tests.HomePageTest" name="homeLoanDataTest" time="0.897"/>
  <testcase classname="com.emicalculator.tests.HomePageTest" name="homeLoanDataTest" time="0.881"/>
  <testcase classname="com.emicalculator.tests.HomePageTest" name="homeLoanDataTest" time="0.58"/>
  <testcase classname="com.emicalculator.tests.HomePageTest" name="personalLoanDataTest" time="0.61"/>
  <testcase classname="com.emicalculator.tests.HomePageTest" name="personalLoanDataTest" time="0.52"/>
  <testcase classname="com.emicalculator.tests.HomePageTest" name="personalLoanDataTest" time="0.518"/>
  <testcase classname="com.emicalculator.tests.HomePageTest" name="personalLoanDataTest" time="0.54"/>
  <testcase classname="com.emicalculator.tests.HomePageTest" name="personalLoanDataTest" time="0.484"/>
  <testcase classname="com.emicalculator.tests.HomePageTest" name="carLoanDataTest" time="0.581"/>
  <testcase classname="com.emicalculator.tests.HomePageTest" name="carLoanDataTest" time="0.481"/>
  <testcase classname="com.emicalculator.tests.HomePageTest" name="carLoanDataTest" time="0.49"/>
  <testcase classname="com.emicalculator.tests.HomePageTest" name="carLoanDataTest" time="0.529"/>
  <testcase classname="com.emicalculator.tests.HomePageTest" name="carLoanDataTest" time="0.452"/>
</testsuite> <!-- Default test -->
